<?xml version="1.0" encoding="UTF-8"?>
<!-- Generated by org.testng.reporters.JUnitReportReporter -->
<testsuite hostname="DESKTOP-S54S9MI" failures="0" tests="4" name="com.petstore.test.UserTC" time="8.530" errors="0" timestamp="2023-11-08T07:26:06 IST" skipped="0">
  <testcase classname="com.petstore.test.UserTC" name="testCreateUser" time="4.972"/>
  <testcase classname="com.petstore.test.UserTC" name="testGetUser" time="1.220"/>
  <testcase classname="com.petstore.test.UserTC" name="testUpdateUser" time="1.184"/>
  <testcase classname="com.petstore.test.UserTC" name="testDeleteUser" time="1.154"/>
</testsuite> <!-- com.petstore.test.UserTC -->
