<?xml version="1.0" encoding="UTF-8"?>
<!-- Generated by org.testng.reporters.JUnitReportReporter -->
<testsuite hostname="DESKTOP-S54S9MI" failures="0" tests="1" name="com.petstore.test.UserTC" time="5.307" errors="0" timestamp="2023-10-16T08:36:03 IST" skipped="0">
  <testcase classname="com.petstore.test.UserTC" name="testCreateUser" time="5.307"/>
</testsuite> <!-- com.petstore.test.UserTC -->
