<?xml version="1.0" encoding="UTF-8"?>
<!-- Generated by org.testng.reporters.JUnitReportReporter -->
<testsuite hostname="DESKTOP-S54S9MI" failures="0" tests="4" name="com.petstore.test.UserTC" time="9.212" errors="0" timestamp="2023-10-25T06:46:08 IST" skipped="0">
  <testcase classname="com.petstore.test.UserTC" name="testCreateUser" time="4.988"/>
  <testcase classname="com.petstore.test.UserTC" name="testGetUser" time="1.550"/>
  <testcase classname="com.petstore.test.UserTC" name="testUpdateUser" time="1.521"/>
  <testcase classname="com.petstore.test.UserTC" name="testDeleteUser" time="1.153"/>
</testsuite> <!-- com.petstore.test.UserTC -->
