<?xml version="1.0" encoding="UTF-8"?>
<!-- Generated by org.testng.reporters.JUnitReportReporter -->
<testsuite hostname="DESKTOP-S54S9MI" failures="0" tests="8" name="com.petstore.test.DataDrivenTest" time="13.571" errors="0" timestamp="2023-11-05T22:00:16 IST" skipped="0">
  <testcase classname="com.petstore.test.DataDrivenTest" name="postUser" time="1.228"/>
  <testcase classname="com.petstore.test.DataDrivenTest" name="postUser" time="1.228"/>
  <testcase classname="com.petstore.test.DataDrivenTest" name="postUser" time="5.072"/>
  <testcase classname="com.petstore.test.DataDrivenTest" name="postUser" time="1.195"/>
  <testcase classname="com.petstore.test.DataDrivenTest" name="delUser" time="1.219"/>
  <testcase classname="com.petstore.test.DataDrivenTest" name="delUser" time="1.242"/>
  <testcase classname="com.petstore.test.DataDrivenTest" name="delUser" time="1.169"/>
  <testcase classname="com.petstore.test.DataDrivenTest" name="delUser" time="1.218"/>
</testsuite> <!-- com.petstore.test.DataDrivenTest -->
