<?xml version="1.0" encoding="UTF-8"?>
<!-- Generated by org.testng.reporters.JUnitReportReporter -->
<testsuite hostname="DESKTOP-S54S9MI" failures="0" tests="4" name="com.petstore.test.UserTCPropFile" time="8.129" errors="0" timestamp="2023-11-08T07:46:35 IST" skipped="0">
  <testcase classname="com.petstore.test.UserTCPropFile" name="testCreateUser" time="4.669"/>
  <testcase classname="com.petstore.test.UserTCPropFile" name="testGetUser" time="1.179"/>
  <testcase classname="com.petstore.test.UserTCPropFile" name="testUpdateUser" time="1.152"/>
  <testcase classname="com.petstore.test.UserTCPropFile" name="testDeleteUser" time="1.129"/>
</testsuite> <!-- com.petstore.test.UserTCPropFile -->
